*** Started model training log ***



#################################     Configuration      #################################
date_training                           : 21-11-2023                              
model                                   : resnet_eds_decoder                      
decoder_out_activation                  : Sigmoid()                               
data_scenario                           : content                                 
version_train                           : Experiment test                         
optimizer                               : Adam                                    
scheduler                               : OneCycleLR                              
loss                                    : Reconstruction loss                     
base_augmentation                       : True                                    
cutmix                                  : False                                   
grad_scaler                             : True                                    
upsample encoding                       : False                                   
##########################################################################################
#################################    Hyperparameters     #################################
lr                                      : 0.0001                                  
batch_size                              : 64                                      
epochs_max                              : 40                                      
weight_decay                            : 0.001                                   
##########################################################################################
#################################   Model architecture   #################################


                                         Encoder:                                         


==========================================================================================
Layer (type:depth-idx)                   Output Shape              Param #
==========================================================================================
├─Conv2d: 1-1                            [-1, 64, 122, 122]        9,408
├─BatchNorm2d: 1-2                       [-1, 64, 122, 122]        128
├─GELU: 1-3                              [-1, 64, 122, 122]        --
├─MaxPool2d: 1-4                         [-1, 64, 61, 61]          --
├─Sequential: 1-5                        [-1, 256, 61, 61]         --
|    └─Bottleneck: 2-1                   [-1, 256, 61, 61]         --
|    |    └─Conv2d: 3-1                  [-1, 64, 61, 61]          4,096
|    |    └─BatchNorm2d: 3-2             [-1, 64, 61, 61]          128
|    |    └─GELU: 3-3                    [-1, 64, 61, 61]          --
|    |    └─Conv2d: 3-4                  [-1, 64, 61, 61]          36,864
|    |    └─BatchNorm2d: 3-5             [-1, 64, 61, 61]          128
|    |    └─GELU: 3-6                    [-1, 64, 61, 61]          --
|    |    └─Conv2d: 3-7                  [-1, 256, 61, 61]         16,384
|    |    └─BatchNorm2d: 3-8             [-1, 256, 61, 61]         512
|    |    └─Sequential: 3-9              [-1, 256, 61, 61]         16,896
|    |    └─GELU: 3-10                   [-1, 256, 61, 61]         --
|    └─Bottleneck: 2-2                   [-1, 256, 61, 61]         --
|    |    └─Conv2d: 3-11                 [-1, 64, 61, 61]          16,384
|    |    └─BatchNorm2d: 3-12            [-1, 64, 61, 61]          128
|    |    └─GELU: 3-13                   [-1, 64, 61, 61]          --
|    |    └─Conv2d: 3-14                 [-1, 64, 61, 61]          36,864
|    |    └─BatchNorm2d: 3-15            [-1, 64, 61, 61]          128
|    |    └─GELU: 3-16                   [-1, 64, 61, 61]          --
|    |    └─Conv2d: 3-17                 [-1, 256, 61, 61]         16,384
|    |    └─BatchNorm2d: 3-18            [-1, 256, 61, 61]         512
|    |    └─GELU: 3-19                   [-1, 256, 61, 61]         --
|    └─Bottleneck: 2-3                   [-1, 256, 61, 61]         --
|    |    └─Conv2d: 3-20                 [-1, 64, 61, 61]          16,384
|    |    └─BatchNorm2d: 3-21            [-1, 64, 61, 61]          128
|    |    └─GELU: 3-22                   [-1, 64, 61, 61]          --
|    |    └─Conv2d: 3-23                 [-1, 64, 61, 61]          36,864
|    |    └─BatchNorm2d: 3-24            [-1, 64, 61, 61]          128
|    |    └─GELU: 3-25                   [-1, 64, 61, 61]          --
|    |    └─Conv2d: 3-26                 [-1, 256, 61, 61]         16,384
|    |    └─BatchNorm2d: 3-27            [-1, 256, 61, 61]         512
|    |    └─GELU: 3-28                   [-1, 256, 61, 61]         --
├─Sequential: 1-6                        [-1, 512, 31, 31]         --
|    └─Bottleneck: 2-4                   [-1, 512, 31, 31]         --
|    |    └─Conv2d: 3-29                 [-1, 128, 61, 61]         32,768
|    |    └─BatchNorm2d: 3-30            [-1, 128, 61, 61]         256
|    |    └─GELU: 3-31                   [-1, 128, 61, 61]         --
|    |    └─Conv2d: 3-32                 [-1, 128, 31, 31]         147,456
|    |    └─BatchNorm2d: 3-33            [-1, 128, 31, 31]         256
|    |    └─GELU: 3-34                   [-1, 128, 31, 31]         --
|    |    └─Conv2d: 3-35                 [-1, 512, 31, 31]         65,536
|    |    └─BatchNorm2d: 3-36            [-1, 512, 31, 31]         1,024
|    |    └─Sequential: 3-37             [-1, 512, 31, 31]         132,096
|    |    └─GELU: 3-38                   [-1, 512, 31, 31]         --
|    └─Bottleneck: 2-5                   [-1, 512, 31, 31]         --
|    |    └─Conv2d: 3-39                 [-1, 128, 31, 31]         65,536
|    |    └─BatchNorm2d: 3-40            [-1, 128, 31, 31]         256
|    |    └─GELU: 3-41                   [-1, 128, 31, 31]         --
|    |    └─Conv2d: 3-42                 [-1, 128, 31, 31]         147,456
|    |    └─BatchNorm2d: 3-43            [-1, 128, 31, 31]         256
|    |    └─GELU: 3-44                   [-1, 128, 31, 31]         --
|    |    └─Conv2d: 3-45                 [-1, 512, 31, 31]         65,536
|    |    └─BatchNorm2d: 3-46            [-1, 512, 31, 31]         1,024
|    |    └─GELU: 3-47                   [-1, 512, 31, 31]         --
|    └─Bottleneck: 2-6                   [-1, 512, 31, 31]         --
|    |    └─Conv2d: 3-48                 [-1, 128, 31, 31]         65,536
|    |    └─BatchNorm2d: 3-49            [-1, 128, 31, 31]         256
|    |    └─GELU: 3-50                   [-1, 128, 31, 31]         --
|    |    └─Conv2d: 3-51                 [-1, 128, 31, 31]         147,456
|    |    └─BatchNorm2d: 3-52            [-1, 128, 31, 31]         256
|    |    └─GELU: 3-53                   [-1, 128, 31, 31]         --
|    |    └─Conv2d: 3-54                 [-1, 512, 31, 31]         65,536
|    |    └─BatchNorm2d: 3-55            [-1, 512, 31, 31]         1,024
|    |    └─GELU: 3-56                   [-1, 512, 31, 31]         --
|    └─Bottleneck: 2-7                   [-1, 512, 31, 31]         --
|    |    └─Conv2d: 3-57                 [-1, 128, 31, 31]         65,536
|    |    └─BatchNorm2d: 3-58            [-1, 128, 31, 31]         256
|    |    └─GELU: 3-59                   [-1, 128, 31, 31]         --
|    |    └─Conv2d: 3-60                 [-1, 128, 31, 31]         147,456
|    |    └─BatchNorm2d: 3-61            [-1, 128, 31, 31]         256
|    |    └─GELU: 3-62                   [-1, 128, 31, 31]         --
|    |    └─Conv2d: 3-63                 [-1, 512, 31, 31]         65,536
|    |    └─BatchNorm2d: 3-64            [-1, 512, 31, 31]         1,024
|    |    └─GELU: 3-65                   [-1, 512, 31, 31]         --
├─Sequential: 1-7                        [-1, 1024, 16, 16]        --
|    └─Bottleneck: 2-8                   [-1, 1024, 16, 16]        --
|    |    └─Conv2d: 3-66                 [-1, 256, 31, 31]         131,072
|    |    └─BatchNorm2d: 3-67            [-1, 256, 31, 31]         512
|    |    └─GELU: 3-68                   [-1, 256, 31, 31]         --
|    |    └─Conv2d: 3-69                 [-1, 256, 16, 16]         589,824
|    |    └─BatchNorm2d: 3-70            [-1, 256, 16, 16]         512
|    |    └─GELU: 3-71                   [-1, 256, 16, 16]         --
|    |    └─Conv2d: 3-72                 [-1, 1024, 16, 16]        262,144
|    |    └─BatchNorm2d: 3-73            [-1, 1024, 16, 16]        2,048
|    |    └─Sequential: 3-74             [-1, 1024, 16, 16]        526,336
|    |    └─GELU: 3-75                   [-1, 1024, 16, 16]        --
|    └─Bottleneck: 2-9                   [-1, 1024, 16, 16]        --
|    |    └─Conv2d: 3-76                 [-1, 256, 16, 16]         262,144
|    |    └─BatchNorm2d: 3-77            [-1, 256, 16, 16]         512
|    |    └─GELU: 3-78                   [-1, 256, 16, 16]         --
|    |    └─Conv2d: 3-79                 [-1, 256, 16, 16]         589,824
|    |    └─BatchNorm2d: 3-80            [-1, 256, 16, 16]         512
|    |    └─GELU: 3-81                   [-1, 256, 16, 16]         --
|    |    └─Conv2d: 3-82                 [-1, 1024, 16, 16]        262,144
|    |    └─BatchNorm2d: 3-83            [-1, 1024, 16, 16]        2,048
|    |    └─GELU: 3-84                   [-1, 1024, 16, 16]        --
|    └─Bottleneck: 2-10                  [-1, 1024, 16, 16]        --
|    |    └─Conv2d: 3-85                 [-1, 256, 16, 16]         262,144
|    |    └─BatchNorm2d: 3-86            [-1, 256, 16, 16]         512
|    |    └─GELU: 3-87                   [-1, 256, 16, 16]         --
|    |    └─Conv2d: 3-88                 [-1, 256, 16, 16]         589,824
|    |    └─BatchNorm2d: 3-89            [-1, 256, 16, 16]         512
|    |    └─GELU: 3-90                   [-1, 256, 16, 16]         --
|    |    └─Conv2d: 3-91                 [-1, 1024, 16, 16]        262,144
|    |    └─BatchNorm2d: 3-92            [-1, 1024, 16, 16]        2,048
|    |    └─GELU: 3-93                   [-1, 1024, 16, 16]        --
|    └─Bottleneck: 2-11                  [-1, 1024, 16, 16]        --
|    |    └─Conv2d: 3-94                 [-1, 256, 16, 16]         262,144
|    |    └─BatchNorm2d: 3-95            [-1, 256, 16, 16]         512
|    |    └─GELU: 3-96                   [-1, 256, 16, 16]         --
|    |    └─Conv2d: 3-97                 [-1, 256, 16, 16]         589,824
|    |    └─BatchNorm2d: 3-98            [-1, 256, 16, 16]         512
|    |    └─GELU: 3-99                   [-1, 256, 16, 16]         --
|    |    └─Conv2d: 3-100                [-1, 1024, 16, 16]        262,144
|    |    └─BatchNorm2d: 3-101           [-1, 1024, 16, 16]        2,048
|    |    └─GELU: 3-102                  [-1, 1024, 16, 16]        --
|    └─Bottleneck: 2-12                  [-1, 1024, 16, 16]        --
|    |    └─Conv2d: 3-103                [-1, 256, 16, 16]         262,144
|    |    └─BatchNorm2d: 3-104           [-1, 256, 16, 16]         512
|    |    └─GELU: 3-105                  [-1, 256, 16, 16]         --
|    |    └─Conv2d: 3-106                [-1, 256, 16, 16]         589,824
|    |    └─BatchNorm2d: 3-107           [-1, 256, 16, 16]         512
|    |    └─GELU: 3-108                  [-1, 256, 16, 16]         --
|    |    └─Conv2d: 3-109                [-1, 1024, 16, 16]        262,144
|    |    └─BatchNorm2d: 3-110           [-1, 1024, 16, 16]        2,048
|    |    └─GELU: 3-111                  [-1, 1024, 16, 16]        --
|    └─Bottleneck: 2-13                  [-1, 1024, 16, 16]        --
|    |    └─Conv2d: 3-112                [-1, 256, 16, 16]         262,144
|    |    └─BatchNorm2d: 3-113           [-1, 256, 16, 16]         512
|    |    └─GELU: 3-114                  [-1, 256, 16, 16]         --
|    |    └─Conv2d: 3-115                [-1, 256, 16, 16]         589,824
|    |    └─BatchNorm2d: 3-116           [-1, 256, 16, 16]         512
|    |    └─GELU: 3-117                  [-1, 256, 16, 16]         --
|    |    └─Conv2d: 3-118                [-1, 1024, 16, 16]        262,144
|    |    └─BatchNorm2d: 3-119           [-1, 1024, 16, 16]        2,048
|    |    └─GELU: 3-120                  [-1, 1024, 16, 16]        --
├─Sequential: 1-8                        [-1, 2048, 8, 8]          --
|    └─Bottleneck: 2-14                  [-1, 2048, 8, 8]          --
|    |    └─Conv2d: 3-121                [-1, 512, 16, 16]         524,288
|    |    └─BatchNorm2d: 3-122           [-1, 512, 16, 16]         1,024
|    |    └─GELU: 3-123                  [-1, 512, 16, 16]         --
|    |    └─Conv2d: 3-124                [-1, 512, 8, 8]           2,359,296
|    |    └─BatchNorm2d: 3-125           [-1, 512, 8, 8]           1,024
|    |    └─GELU: 3-126                  [-1, 512, 8, 8]           --
|    |    └─Conv2d: 3-127                [-1, 2048, 8, 8]          1,048,576
|    |    └─BatchNorm2d: 3-128           [-1, 2048, 8, 8]          4,096
|    |    └─Sequential: 3-129            [-1, 2048, 8, 8]          2,101,248
|    |    └─GELU: 3-130                  [-1, 2048, 8, 8]          --
|    └─Bottleneck: 2-15                  [-1, 2048, 8, 8]          --
|    |    └─Conv2d: 3-131                [-1, 512, 8, 8]           1,048,576
|    |    └─BatchNorm2d: 3-132           [-1, 512, 8, 8]           1,024
|    |    └─GELU: 3-133                  [-1, 512, 8, 8]           --
|    |    └─Conv2d: 3-134                [-1, 512, 8, 8]           2,359,296
|    |    └─BatchNorm2d: 3-135           [-1, 512, 8, 8]           1,024
|    |    └─GELU: 3-136                  [-1, 512, 8, 8]           --
|    |    └─Conv2d: 3-137                [-1, 2048, 8, 8]          1,048,576
|    |    └─BatchNorm2d: 3-138           [-1, 2048, 8, 8]          4,096
|    |    └─GELU: 3-139                  [-1, 2048, 8, 8]          --
|    └─Bottleneck: 2-16                  [-1, 2048, 8, 8]          --
|    |    └─Conv2d: 3-140                [-1, 512, 8, 8]           1,048,576
|    |    └─BatchNorm2d: 3-141           [-1, 512, 8, 8]           1,024
|    |    └─GELU: 3-142                  [-1, 512, 8, 8]           --
|    |    └─Conv2d: 3-143                [-1, 512, 8, 8]           2,359,296
|    |    └─BatchNorm2d: 3-144           [-1, 512, 8, 8]           1,024
|    |    └─GELU: 3-145                  [-1, 512, 8, 8]           --
|    |    └─Conv2d: 3-146                [-1, 2048, 8, 8]          1,048,576
|    |    └─BatchNorm2d: 3-147           [-1, 2048, 8, 8]          4,096
|    |    └─GELU: 3-148                  [-1, 2048, 8, 8]          --
├─AdaptiveAvgPool2d: 1-9                 [-1, 2048, 1, 1]          --
├─Identity: 1-10                         [-1, 2048]                --
==========================================================================================
Total params: 23,508,032
Trainable params: 23,508,032
Non-trainable params: 0
Total mult-adds (G): 5.20
==========================================================================================
Input size (MB): 0.68
Forward/backward pass size (MB): 207.68
Params size (MB): 89.68
Estimated Total Size (MB): 298.04
==========================================================================================


                                     Scorer Pipeline:                                     


==========================================================================================
Layer (type:depth-idx)                   Output Shape              Param #
==========================================================================================
├─ResNet: 1-1                            [-1, 2048]                --
|    └─Conv2d: 2-1                       [-1, 64, 122, 122]        9,408
|    └─BatchNorm2d: 2-2                  [-1, 64, 122, 122]        128
|    └─GELU: 2-3                         [-1, 64, 122, 122]        --
|    └─MaxPool2d: 2-4                    [-1, 64, 61, 61]          --
|    └─Sequential: 2-5                   [-1, 256, 61, 61]         --
|    |    └─Bottleneck: 3-1              [-1, 256, 61, 61]         75,008
|    |    └─Bottleneck: 3-2              [-1, 256, 61, 61]         70,400
|    |    └─Bottleneck: 3-3              [-1, 256, 61, 61]         70,400
|    └─Sequential: 2-6                   [-1, 512, 31, 31]         --
|    |    └─Bottleneck: 3-4              [-1, 512, 31, 31]         379,392
|    |    └─Bottleneck: 3-5              [-1, 512, 31, 31]         280,064
|    |    └─Bottleneck: 3-6              [-1, 512, 31, 31]         280,064
|    |    └─Bottleneck: 3-7              [-1, 512, 31, 31]         280,064
|    └─Sequential: 2-7                   [-1, 1024, 16, 16]        --
|    |    └─Bottleneck: 3-8              [-1, 1024, 16, 16]        1,512,448
|    |    └─Bottleneck: 3-9              [-1, 1024, 16, 16]        1,117,184
|    |    └─Bottleneck: 3-10             [-1, 1024, 16, 16]        1,117,184
|    |    └─Bottleneck: 3-11             [-1, 1024, 16, 16]        1,117,184
|    |    └─Bottleneck: 3-12             [-1, 1024, 16, 16]        1,117,184
|    |    └─Bottleneck: 3-13             [-1, 1024, 16, 16]        1,117,184
|    └─Sequential: 2-8                   [-1, 2048, 8, 8]          --
|    |    └─Bottleneck: 3-14             [-1, 2048, 8, 8]          6,039,552
|    |    └─Bottleneck: 3-15             [-1, 2048, 8, 8]          4,462,592
|    |    └─Bottleneck: 3-16             [-1, 2048, 8, 8]          4,462,592
|    └─AdaptiveAvgPool2d: 2-9            [-1, 2048, 1, 1]          --
|    └─Identity: 2-10                    [-1, 2048]                --
├─Linear: 1-2                            [-1, 2]                   4,098
==========================================================================================
Total params: 23,512,130
Trainable params: 23,512,130
Non-trainable params: 0
Total mult-adds (G): 4.77
==========================================================================================
Input size (MB): 0.68
Forward/backward pass size (MB): 179.63
Params size (MB): 89.69
Estimated Total Size (MB): 270.01
==========================================================================================


                                    Decoder Pipeline:                                     


==========================================================================================
Layer (type:depth-idx)                   Output Shape              Param #
==========================================================================================
├─ResNet: 1-1                            [-1, 2048]                --
|    └─Conv2d: 2-1                       [-1, 64, 122, 122]        9,408
|    └─BatchNorm2d: 2-2                  [-1, 64, 122, 122]        128
|    └─GELU: 2-3                         [-1, 64, 122, 122]        --
|    └─MaxPool2d: 2-4                    [-1, 64, 61, 61]          --
|    └─Sequential: 2-5                   [-1, 256, 61, 61]         --
|    |    └─Bottleneck: 3-1              [-1, 256, 61, 61]         75,008
|    |    └─Bottleneck: 3-2              [-1, 256, 61, 61]         70,400
|    |    └─Bottleneck: 3-3              [-1, 256, 61, 61]         70,400
|    └─Sequential: 2-6                   [-1, 512, 31, 31]         --
|    |    └─Bottleneck: 3-4              [-1, 512, 31, 31]         379,392
|    |    └─Bottleneck: 3-5              [-1, 512, 31, 31]         280,064
|    |    └─Bottleneck: 3-6              [-1, 512, 31, 31]         280,064
|    |    └─Bottleneck: 3-7              [-1, 512, 31, 31]         280,064
|    └─Sequential: 2-7                   [-1, 1024, 16, 16]        --
|    |    └─Bottleneck: 3-8              [-1, 1024, 16, 16]        1,512,448
|    |    └─Bottleneck: 3-9              [-1, 1024, 16, 16]        1,117,184
|    |    └─Bottleneck: 3-10             [-1, 1024, 16, 16]        1,117,184
|    |    └─Bottleneck: 3-11             [-1, 1024, 16, 16]        1,117,184
|    |    └─Bottleneck: 3-12             [-1, 1024, 16, 16]        1,117,184
|    |    └─Bottleneck: 3-13             [-1, 1024, 16, 16]        1,117,184
|    └─Sequential: 2-8                   [-1, 2048, 8, 8]          --
|    |    └─Bottleneck: 3-14             [-1, 2048, 8, 8]          6,039,552
|    |    └─Bottleneck: 3-15             [-1, 2048, 8, 8]          4,462,592
|    |    └─Bottleneck: 3-16             [-1, 2048, 8, 8]          4,462,592
|    └─AdaptiveAvgPool2d: 2-9            [-1, 2048, 1, 1]          --
|    └─Identity: 2-10                    [-1, 2048]                --
├─Sequential: 1-2                        [-1, 3, 224, 224]         --
|    └─expand_encoding: 2-11             [-1, 2048, 1, 1]          --
|    └─ConvTranspose2d: 2-12             [-1, 128, 7, 7]           6,553,728
|    └─GELU: 2-13                        [-1, 128, 7, 7]           --
|    └─Sequential: 2-14                  [-1, 128, 7, 7]           --
|    |    └─Conv2d: 3-17                 [-1, 128, 7, 7]           147,584
|    |    └─BatchNorm2d: 3-18            [-1, 128, 7, 7]           256
|    |    └─GELU: 3-19                   [-1, 128, 7, 7]           --
|    |    └─Conv2d: 3-20                 [-1, 128, 7, 7]           147,584
|    |    └─BatchNorm2d: 3-21            [-1, 128, 7, 7]           256
|    |    └─GELU: 3-22                   [-1, 128, 7, 7]           --
|    └─ConvTranspose2d: 2-15             [-1, 64, 14, 14]          131,136
|    └─GELU: 2-16                        [-1, 64, 14, 14]          --
|    └─Sequential: 2-17                  [-1, 64, 14, 14]          --
|    |    └─Conv2d: 3-23                 [-1, 64, 14, 14]          36,928
|    |    └─BatchNorm2d: 3-24            [-1, 64, 14, 14]          128
|    |    └─GELU: 3-25                   [-1, 64, 14, 14]          --
|    |    └─Conv2d: 3-26                 [-1, 64, 14, 14]          36,928
|    |    └─BatchNorm2d: 3-27            [-1, 64, 14, 14]          128
|    |    └─GELU: 3-28                   [-1, 64, 14, 14]          --
|    └─ConvTranspose2d: 2-18             [-1, 32, 28, 28]          32,800
|    └─GELU: 2-19                        [-1, 32, 28, 28]          --
|    └─Sequential: 2-20                  [-1, 32, 28, 28]          --
|    |    └─Conv2d: 3-29                 [-1, 32, 28, 28]          9,248
|    |    └─BatchNorm2d: 3-30            [-1, 32, 28, 28]          64
|    |    └─GELU: 3-31                   [-1, 32, 28, 28]          --
|    |    └─Conv2d: 3-32                 [-1, 32, 28, 28]          9,248
|    |    └─BatchNorm2d: 3-33            [-1, 32, 28, 28]          64
|    |    └─GELU: 3-34                   [-1, 32, 28, 28]          --
|    └─ConvTranspose2d: 2-21             [-1, 16, 56, 56]          8,208
|    └─GELU: 2-22                        [-1, 16, 56, 56]          --
|    └─Sequential: 2-23                  [-1, 16, 56, 56]          --
|    |    └─Conv2d: 3-35                 [-1, 16, 56, 56]          2,320
|    |    └─BatchNorm2d: 3-36            [-1, 16, 56, 56]          32
|    |    └─GELU: 3-37                   [-1, 16, 56, 56]          --
|    |    └─Conv2d: 3-38                 [-1, 16, 56, 56]          2,320
|    |    └─BatchNorm2d: 3-39            [-1, 16, 56, 56]          32
|    |    └─GELU: 3-40                   [-1, 16, 56, 56]          --
|    └─ConvTranspose2d: 2-24             [-1, 8, 112, 112]         2,056
|    └─GELU: 2-25                        [-1, 8, 112, 112]         --
|    └─Sequential: 2-26                  [-1, 8, 112, 112]         --
|    |    └─Conv2d: 3-41                 [-1, 8, 112, 112]         584
|    |    └─BatchNorm2d: 3-42            [-1, 8, 112, 112]         16
|    |    └─GELU: 3-43                   [-1, 8, 112, 112]         --
|    |    └─Conv2d: 3-44                 [-1, 8, 112, 112]         584
|    |    └─BatchNorm2d: 3-45            [-1, 8, 112, 112]         16
|    |    └─GELU: 3-46                   [-1, 8, 112, 112]         --
|    └─ConvTranspose2d: 2-27             [-1, 3, 224, 224]         387
|    └─GELU: 2-28                        [-1, 3, 224, 224]         --
|    └─Sequential: 2-29                  [-1, 3, 224, 224]         --
|    |    └─Conv2d: 3-47                 [-1, 3, 224, 224]         84
|    |    └─BatchNorm2d: 3-48            [-1, 3, 224, 224]         6
|    |    └─GELU: 3-49                   [-1, 3, 224, 224]         --
|    |    └─Conv2d: 3-50                 [-1, 3, 224, 224]         84
|    |    └─BatchNorm2d: 3-51            [-1, 3, 224, 224]         6
|    |    └─GELU: 3-52                   [-1, 3, 224, 224]         --
|    └─Sigmoid: 2-30                     [-1, 3, 224, 224]         --
==========================================================================================
Total params: 30,630,847
Trainable params: 30,630,847
Non-trainable params: 0
Total mult-adds (G): 5.30
==========================================================================================
Input size (MB): 0.68
Forward/backward pass size (MB): 192.79
Params size (MB): 116.85
Estimated Total Size (MB): 310.32
==========================================================================================
##########################################################################################
#################################        Training        #################################
epoch: 1   avg_loss: 0.0866          max_loss: 33.93           min_loss: 0.0945          
epoch: 2   avg_loss: 0.0814          max_loss: 31.9125         min_loss: 0.0882          
epoch: 3   avg_loss: 0.0801          max_loss: 31.4145         min_loss: 0.0815          
epoch: 4   avg_loss: 0.0796          max_loss: 31.1848         min_loss: 0.081           
epoch: 5   avg_loss: 0.0786          max_loss: 30.8068         min_loss: 0.0771          
epoch: 6   avg_loss: 0.0687          max_loss: 26.9463         min_loss: 0.0732          
epoch: 7   avg_loss: 0.0582          max_loss: 22.8264         min_loss: 0.0613          
epoch: 8   avg_loss: 0.0554          max_loss: 21.7218         min_loss: 0.0576          
epoch: 9   avg_loss: 0.0535          max_loss: 20.9559         min_loss: 0.0621          
epoch: 10  avg_loss: 0.0531          max_loss: 20.8083         min_loss: 0.0508          
epoch: 11  avg_loss: 0.0513          max_loss: 20.1038         min_loss: 0.0524          
epoch: 12  avg_loss: 0.0504          max_loss: 19.7512         min_loss: 0.0501          
epoch: 13  avg_loss: 0.05            max_loss: 19.5853         min_loss: 0.0504          
epoch: 14  avg_loss: 0.0494          max_loss: 19.3806         min_loss: 0.0475          
epoch: 15  avg_loss: 0.0508          max_loss: 19.927          min_loss: 0.0506          
epoch: 16  avg_loss: 0.0513          max_loss: 20.1223         min_loss: 0.0558          
epoch: 17  avg_loss: 0.049           max_loss: 19.2213         min_loss: 0.0485          
epoch: 18  avg_loss: 0.0485          max_loss: 19.0234         min_loss: 0.05            
epoch: 19  avg_loss: 0.0483          max_loss: 18.949          min_loss: 0.0458          
epoch: 20  avg_loss: 0.0482          max_loss: 18.9126         min_loss: 0.0522          
epoch: 21  avg_loss: 0.0481          max_loss: 18.8446         min_loss: 0.0513          
epoch: 22  avg_loss: 0.0512          max_loss: 20.0742         min_loss: 0.0481          
epoch: 23  avg_loss: 0.0542          max_loss: 21.2429         min_loss: 0.059           
epoch: 24  avg_loss: 0.0493          max_loss: 19.309          min_loss: 0.0515          
epoch: 25  avg_loss: 0.0483          max_loss: 18.9443         min_loss: 0.0534          
epoch: 26  avg_loss: 0.048           max_loss: 18.8265         min_loss: 0.0462          
epoch: 27  avg_loss: 0.0478          max_loss: 18.7379         min_loss: 0.0493          
epoch: 28  avg_loss: 0.0476          max_loss: 18.6399         min_loss: 0.0502          
epoch: 29  avg_loss: 0.0475          max_loss: 18.6007         min_loss: 0.05            
epoch: 30  avg_loss: 0.0473          max_loss: 18.5309         min_loss: 0.047           
epoch: 31  avg_loss: 0.0472          max_loss: 18.5043         min_loss: 0.0525          
epoch: 32  avg_loss: 0.0471          max_loss: 18.4712         min_loss: 0.0461          
epoch: 33  avg_loss: 0.047           max_loss: 18.4056         min_loss: 0.0463          
epoch: 34  avg_loss: 0.047           max_loss: 18.4112         min_loss: 0.0472          
epoch: 35  avg_loss: 0.0467          max_loss: 18.2938         min_loss: 0.0498          
epoch: 36  avg_loss: 0.0466          max_loss: 18.2602         min_loss: 0.0501          
epoch: 37  avg_loss: 0.0467          max_loss: 18.2931         min_loss: 0.0437          
epoch: 38  avg_loss: 0.0466          max_loss: 18.2681         min_loss: 0.0429          
epoch: 39  avg_loss: 0.0465          max_loss: 18.2466         min_loss: 0.0473          
epoch: 40  avg_loss: 0.0466          max_loss: 18.2753         min_loss: 0.0439          
##########################################################################################




*** Ended model training log ***